+ (legge e memorizza)
? (numeri di riga in cui è comparsa la parola data)
m (stampa le lunghezze min e max)
p (stampa le parole memorizzate)
alimento il dizionario
consulto il dizionario
parola: ha
righe [1]
alimento il dizionario
alimento il dizionario
alimento il dizionario
alimento il dizionario
alimento il dizionario
alimento il dizionario
consulto il dizionario
parola: ha il
righe []
consulto il dizionario
parola: scarpe
righe [5]
consulto il dizionario
parola: befana
righe [1 3 4]
lunghezza min e max
1 12
stampo il dizionario ordinato
alla : [6]
befana : [1 3 4]
befana! : [7]
con : [5 6]
di : [4]
e : [1]
fazzoletto : [1]
gonna : [1]
ha : [1]
il : [1]
la : [1 1 3 4 7]
le : [5 6]
ma : [2]
notte : [4]
poverina : [2]
quest'anno : [2]
raffreddata! : [3]
rattoppata : [1]
rotte : [5]
scarpe : [5]
sottana: : [6]
toppe : [6]
tutte : [5]
vien : [4]
viva : [7]
viva, : [7]
è : [3]
